#
# There is insufficient memory for the Java Runtime Environment to continue.
# Native memory allocation (malloc) failed to allocate 1830240 bytes for Chunk::new
# Possible reasons:
#   The system is out of physical RAM or swap space
#   The process is running with CompressedOops enabled, and the Java Heap may be blocking the growth of the native heap
# Possible solutions:
#   Reduce memory load on the system
#   Increase physical memory or swap space
#   Check if swap backing store is full
#   Decrease Java heap size (-Xmx/-Xms)
#   Decrease number of Java threads
#   Decrease Java thread stack sizes (-Xss)
#   Set larger code cache with -XX:ReservedCodeCacheSize=
#   JVM is running with Unscaled Compressed Oops mode in which the Java heap is
#     placed in the first 4GB address space. The Java Heap base address is the
#     maximum limit for the native heap growth. Please use -XX:HeapBaseMinAddress
#     to set the Java Heap base and to place the Java Heap above 4GB virtual address.
# This output file may be truncated or incomplete.
#
#  Out of Memory Error (arena.cpp:189), pid=8148, tid=20512
#
# JRE version: Java(TM) SE Runtime Environment (17.0.12+8) (build 17.0.12+8-LTS-286)
# Java VM: Java HotSpot(TM) 64-Bit Server VM (17.0.12+8-LTS-286, mixed mode, sharing, tiered, compressed oops, compressed class ptrs, g1 gc, windows-amd64)
# No core dump will be written. Minidumps are not enabled by default on client versions of Windows
#

---------------  S U M M A R Y ------------

Command Line: --add-opens=java.base/java.util=ALL-UNNAMED --add-opens=java.base/java.lang=ALL-UNNAMED --add-opens=java.base/java.lang.invoke=ALL-UNNAMED --add-opens=java.prefs/java.util.prefs=ALL-UNNAMED --add-opens=java.base/java.nio.charset=ALL-UNNAMED --add-opens=java.base/java.net=ALL-UNNAMED --add-opens=java.base/java.util.concurrent.atomic=ALL-UNNAMED -XX:MaxMetaspaceSize=384m -XX:+HeapDumpOnOutOfMemoryError -Xms256m -Xmx512m -Dfile.encoding=UTF-8 -Duser.country=BR -Duser.language=pt -Duser.variant -javaagent:C:\Users\elian\.gradle\wrapper\dists\gradle-8.8-bin\dl7vupf4psengwqhwktix4v1\gradle-8.8\lib\agents\gradle-instrumentation-agent-8.8.jar org.gradle.launcher.daemon.bootstrap.GradleDaemon 8.8

Host: Intel(R) Core(TM) i5-10210U CPU @ 1.60GHz, 8 cores, 19G,  Windows 11 , 64 bit Build 26100 (10.0.26100.7705)
Time: Mon Feb 23 11:37:47 2026 Hora oficial do Brasil elapsed time: 10.265431 seconds (0d 0h 0m 10s)

---------------  T H R E A D  ---------------

Current thread (0x00000202c1f2da10):  JavaThread "C2 CompilerThread1" daemon [_thread_in_native, id=20512, stack(0x000000e507700000,0x000000e507800000)]


Current CompileTask:
C2:  10266 2278   !   4       java.lang.ClassLoader::loadClass (121 bytes)

Stack: [0x000000e507700000,0x000000e507800000]
Native frames: (J=compiled Java code, j=interpreted, Vv=VM code, C=native code)
V  [jvm.dll+0x67a04a]
V  [jvm.dll+0x7da4ed]
V  [jvm.dll+0x7dbe33]
V  [jvm.dll+0x7dc4a3]
V  [jvm.dll+0x24508f]
V  [jvm.dll+0xab773]
V  [jvm.dll+0xabd3c]
V  [jvm.dll+0x361bee]
V  [jvm.dll+0x1ba45a]
V  [jvm.dll+0x216997]
V  [jvm.dll+0x215c6f]
V  [jvm.dll+0x1a2960]
V  [jvm.dll+0x22610b]
V  [jvm.dll+0x2242ab]
V  [jvm.dll+0x79075c]
V  [jvm.dll+0x78abea]
V  [jvm.dll+0x678f35]
C  [ucrtbase.dll+0x37b0]
C  [KERNEL32.DLL+0x2e8d7]
C  [ntdll.dll+0x8c40c]


---------------  P R O C E S S  ---------------

Threads class SMR info:
_java_thread_list=0x00000202c18d5880, length=26, elements={
0x000002028c9b4790, 0x00000202a72b9c30, 0x00000202a72ba700, 0x00000202a72cce60,
0x00000202a72d1750, 0x00000202a72d2020, 0x00000202a72d28f0, 0x00000202a72d7500,
0x00000202a72e5330, 0x00000202a72e5c40, 0x00000202a7523ca0, 0x00000202a75ef010,
0x00000202c2bcfa40, 0x00000202c2aede40, 0x00000202c1e214d0, 0x00000202c1269c00,
0x00000202c1a419c0, 0x00000202c1a40070, 0x00000202c1a40580, 0x00000202c1a40fa0,
0x00000202c1a40a90, 0x00000202c1a414b0, 0x00000202c1f2da10, 0x00000202c11d93c0,
0x00000202c11d8490, 0x00000202c11d98d0
}

Java Threads: ( => current thread )
  0x000002028c9b4790 JavaThread "main" [_thread_blocked, id=22744, stack(0x000000e505500000,0x000000e505600000)]
  0x00000202a72b9c30 JavaThread "Reference Handler" daemon [_thread_blocked, id=23052, stack(0x000000e505c00000,0x000000e505d00000)]
  0x00000202a72ba700 JavaThread "Finalizer" daemon [_thread_blocked, id=5320, stack(0x000000e505d00000,0x000000e505e00000)]
  0x00000202a72cce60 JavaThread "Signal Dispatcher" daemon [_thread_blocked, id=22960, stack(0x000000e505e00000,0x000000e505f00000)]
  0x00000202a72d1750 JavaThread "Attach Listener" daemon [_thread_blocked, id=4356, stack(0x000000e505f00000,0x000000e506000000)]
  0x00000202a72d2020 JavaThread "Service Thread" daemon [_thread_blocked, id=11064, stack(0x000000e506000000,0x000000e506100000)]
  0x00000202a72d28f0 JavaThread "Monitor Deflation Thread" daemon [_thread_blocked, id=11556, stack(0x000000e506100000,0x000000e506200000)]
  0x00000202a72d7500 JavaThread "C2 CompilerThread0" daemon [_thread_in_native, id=7240, stack(0x000000e506200000,0x000000e506300000)]
  0x00000202a72e5330 JavaThread "C1 CompilerThread0" daemon [_thread_blocked, id=20888, stack(0x000000e506300000,0x000000e506400000)]
  0x00000202a72e5c40 JavaThread "Sweeper thread" daemon [_thread_blocked, id=23088, stack(0x000000e506400000,0x000000e506500000)]
  0x00000202a7523ca0 JavaThread "Common-Cleaner" daemon [_thread_blocked, id=8960, stack(0x000000e506500000,0x000000e506600000)]
  0x00000202a75ef010 JavaThread "Notification Thread" daemon [_thread_blocked, id=6400, stack(0x000000e506600000,0x000000e506700000)]
  0x00000202c2bcfa40 JavaThread "Daemon health stats" [_thread_blocked, id=16948, stack(0x000000e506900000,0x000000e506a00000)]
  0x00000202c2aede40 JavaThread "Incoming local TCP Connector on port 49352" [_thread_in_native, id=12792, stack(0x000000e506800000,0x000000e506900000)]
  0x00000202c1e214d0 JavaThread "Daemon periodic checks" [_thread_blocked, id=22820, stack(0x000000e506f00000,0x000000e507000000)]
  0x00000202c1269c00 JavaThread "Daemon" [_thread_blocked, id=17676, stack(0x000000e507000000,0x000000e507100000)]
  0x00000202c1a419c0 JavaThread "Handler for socket connection from /127.0.0.1:49352 to /127.0.0.1:49353" [_thread_in_native, id=20792, stack(0x000000e507100000,0x000000e507200000)]
  0x00000202c1a40070 JavaThread "Cancel handler" [_thread_blocked, id=6752, stack(0x000000e507200000,0x000000e507300000)]
  0x00000202c1a40580 JavaThread "Daemon worker" [_thread_in_Java, id=4696, stack(0x000000e507300000,0x000000e507400000)]
  0x00000202c1a40fa0 JavaThread "Asynchronous log dispatcher for DefaultDaemonConnection: socket connection from /127.0.0.1:49352 to /127.0.0.1:49353" [_thread_blocked, id=16924, stack(0x000000e507400000,0x000000e507500000)]
  0x00000202c1a40a90 JavaThread "Stdin handler" [_thread_blocked, id=19488, stack(0x000000e507500000,0x000000e507600000)]
  0x00000202c1a414b0 JavaThread "Daemon client event forwarder" [_thread_blocked, id=2600, stack(0x000000e507600000,0x000000e507700000)]
=>0x00000202c1f2da10 JavaThread "C2 CompilerThread1" daemon [_thread_in_native, id=20512, stack(0x000000e507700000,0x000000e507800000)]
  0x00000202c11d93c0 JavaThread "Cache worker for journal cache (C:\Users\elian\.gradle\caches\journal-1)" [_thread_blocked, id=22316, stack(0x000000e507800000,0x000000e507900000)]
  0x00000202c11d8490 JavaThread "File lock request listener" [_thread_in_native, id=20932, stack(0x000000e507900000,0x000000e507a00000)]
  0x00000202c11d98d0 JavaThread "Cache worker for file hash cache (C:\Users\elian\.gradle\caches\8.8\fileHashes)" [_thread_blocked, id=2924, stack(0x000000e507a00000,0x000000e507b00000)]

Other Threads:
  0x00000202a72b35c0 VMThread "VM Thread" [stack: 0x000000e505b00000,0x000000e505c00000] [id=12096]
  0x000002028c9f3bf0 WatcherThread [stack: 0x000000e506700000,0x000000e506800000] [id=13392]
  0x000002028c9e17d0 GCTaskThread "GC Thread#0" [stack: 0x000000e505600000,0x000000e505700000] [id=11524]
  0x00000202a77842a0 GCTaskThread "GC Thread#1" [stack: 0x000000e506a00000,0x000000e506b00000] [id=12360]
  0x00000202c12369e0 GCTaskThread "GC Thread#2" [stack: 0x000000e506b00000,0x000000e506c00000] [id=16860]
  0x00000202c10e1db0 GCTaskThread "GC Thread#3" [stack: 0x000000e506c00000,0x000000e506d00000] [id=5492]
  0x00000202c1a7af00 GCTaskThread "GC Thread#4" [stack: 0x000000e506d00000,0x000000e506e00000] [id=23204]
  0x00000202c2024590 GCTaskThread "GC Thread#5" [stack: 0x000000e506e00000,0x000000e506f00000] [id=10124]
  0x000002028c9e6630 ConcurrentGCThread "G1 Main Marker" [stack: 0x000000e505700000,0x000000e505800000] [id=22380]
  0x000002028c9e7c20 ConcurrentGCThread "G1 Conc#0" [stack: 0x000000e505800000,0x000000e505900000] [id=15152]
  0x000002028ca7da70 ConcurrentGCThread "G1 Refine#0" [stack: 0x000000e505900000,0x000000e505a00000] [id=1348]
  0x000002028ca7e3b0 ConcurrentGCThread "G1 Service" [stack: 0x000000e505a00000,0x000000e505b00000] [id=3384]

Threads with active compile tasks:
C2 CompilerThread0    10307 2304   !   4       java.security.AccessController::doPrivileged (26 bytes)
C1 CompilerThread0    10308 2336       3       java.lang.invoke.MethodHandles$Lookup::makeHiddenClassDefiner (42 bytes)
C2 CompilerThread1    10308 2278   !   4       java.lang.ClassLoader::loadClass (121 bytes)

VM state: not at safepoint (normal execution)

VM Mutex/Monitor currently owned by a thread: None

Heap address: 0x00000000e0000000, size: 512 MB, Compressed Oops mode: 32-bit

CDS archive(s) mapped at: [0x00000202a8000000-0x00000202a8bd0000-0x00000202a8bd0000), size 12386304, SharedBaseAddress: 0x00000202a8000000, ArchiveRelocationMode: 1.
Compressed class space mapped at: 0x00000202a9000000-0x00000202bd000000, reserved size: 335544320
Narrow klass base: 0x00000202a8000000, Narrow klass shift: 0, Narrow klass range: 0x100000000

GC Precious Log:
 CPUs: 8 total, 8 available
 Memory: 20301M
 Large Page Support: Disabled
 NUMA Support: Disabled
 Compressed Oops: Enabled (32-bit)
 Heap Region Size: 1M
 Heap Min Capacity: 256M
 Heap Initial Capacity: 256M
 Heap Max Capacity: 512M
 Pre-touch: Disabled
 Parallel Workers: 8
 Concurrent Workers: 2
 Concurrent Refinement Workers: 8
 Periodic GC: Disabled

Heap:
 garbage-first heap   total 262144K, used 96784K [0x00000000e0000000, 0x0000000100000000)
  region size 1024K, 84 young (86016K), 2 survivors (2048K)
 Metaspace       used 15193K, committed 15488K, reserved 393216K
  class space    used 2115K, committed 2240K, reserved 327680K

Heap Regions: E=young(eden), S=young(survivor), O=old, HS=humongous(starts), HC=humongous(continues), CS=collection set, F=free, OA=open archive, CA=closed archive, TAMS=top-at-mark-start (previous, next)
|   0|0x00000000e0000000, 0x00000000e0100000, 0x00000000e0100000|100%|HS|  |TAMS 0x00000000e0000000, 0x00000000e0000000| Complete 
|   1|0x00000000e0100000, 0x00000000e0200000, 0x00000000e0200000|100%|HC|  |TAMS 0x00000000e0100000, 0x00000000e0100000| Complete 
|   2|0x00000000e0200000, 0x00000000e0300000, 0x00000000e0300000|100%|HC|  |TAMS 0x00000000e0200000, 0x00000000e0200000| Complete 
|   3|0x00000000e0300000, 0x00000000e0400000, 0x00000000e0400000|100%|HC|  |TAMS 0x00000000e0300000, 0x00000000e0300000| Complete 
|   4|0x00000000e0400000, 0x00000000e0500000, 0x00000000e0500000|100%| O|  |TAMS 0x00000000e0400000, 0x00000000e0400000| Untracked 
|   5|0x00000000e0500000, 0x00000000e0600000, 0x00000000e0600000|100%| O|  |TAMS 0x00000000e0500000, 0x00000000e0500000| Untracked 
|   6|0x00000000e0600000, 0x00000000e0700000, 0x00000000e0700000|100%| O|  |TAMS 0x00000000e0600000, 0x00000000e0600000| Untracked 
|   7|0x00000000e0700000, 0x00000000e0800000, 0x00000000e0800000|100%| O|  |TAMS 0x00000000e0700000, 0x00000000e0700000| Untracked 
|   8|0x00000000e0800000, 0x00000000e0900000, 0x00000000e0900000|100%| O|  |TAMS 0x00000000e0800000, 0x00000000e0800000| Untracked 
|   9|0x00000000e0900000, 0x00000000e0a00000, 0x00000000e0a00000|100%| O|  |TAMS 0x00000000e0900000, 0x00000000e0900000| Untracked 
|  10|0x00000000e0a00000, 0x00000000e0a67a00, 0x00000000e0b00000| 40%| O|  |TAMS 0x00000000e0a00000, 0x00000000e0a00000| Untracked 
|  11|0x00000000e0b00000, 0x00000000e0c00000, 0x00000000e0c00000|100%|HS|  |TAMS 0x00000000e0b00000, 0x00000000e0b00000| Complete 
|  12|0x00000000e0c00000, 0x00000000e0d00000, 0x00000000e0d00000|100%|HS|  |TAMS 0x00000000e0c00000, 0x00000000e0c00000| Complete 
|  13|0x00000000e0d00000, 0x00000000e0d00000, 0x00000000e0e00000|  0%| F|  |TAMS 0x00000000e0d00000, 0x00000000e0d00000| Untracked 
|  14|0x00000000e0e00000, 0x00000000e0e00000, 0x00000000e0f00000|  0%| F|  |TAMS 0x00000000e0e00000, 0x00000000e0e00000| Untracked 
|  15|0x00000000e0f00000, 0x00000000e0f00000, 0x00000000e1000000|  0%| F|  |TAMS 0x00000000e0f00000, 0x00000000e0f00000| Untracked 
|  16|0x00000000e1000000, 0x00000000e1000000, 0x00000000e1100000|  0%| F|  |TAMS 0x00000000e1000000, 0x00000000e1000000| Untracked 
|  17|0x00000000e1100000, 0x00000000e1100000, 0x00000000e1200000|  0%| F|  |TAMS 0x00000000e1100000, 0x00000000e1100000| Untracked 
|  18|0x00000000e1200000, 0x00000000e1200000, 0x00000000e1300000|  0%| F|  |TAMS 0x00000000e1200000, 0x00000000e1200000| Untracked 
|  19|0x00000000e1300000, 0x00000000e1300000, 0x00000000e1400000|  0%| F|  |TAMS 0x00000000e1300000, 0x00000000e1300000| Untracked 
|  20|0x00000000e1400000, 0x00000000e1400000, 0x00000000e1500000|  0%| F|  |TAMS 0x00000000e1400000, 0x00000000e1400000| Untracked 
|  21|0x00000000e1500000, 0x00000000e1500000, 0x00000000e1600000|  0%| F|  |TAMS 0x00000000e1500000, 0x00000000e1500000| Untracked 
|  22|0x00000000e1600000, 0x00000000e1600000, 0x00000000e1700000|  0%| F|  |TAMS 0x00000000e1600000, 0x00000000e1600000| Untracked 
|  23|0x00000000e1700000, 0x00000000e1700000, 0x00000000e1800000|  0%| F|  |TAMS 0x00000000e1700000, 0x00000000e1700000| Untracked 
|  24|0x00000000e1800000, 0x00000000e1800000, 0x00000000e1900000|  0%| F|  |TAMS 0x00000000e1800000, 0x00000000e1800000| Untracked 
|  25|0x00000000e1900000, 0x00000000e1900000, 0x00000000e1a00000|  0%| F|  |TAMS 0x00000000e1900000, 0x00000000e1900000| Untracked 
|  26|0x00000000e1a00000, 0x00000000e1a00000, 0x00000000e1b00000|  0%| F|  |TAMS 0x00000000e1a00000, 0x00000000e1a00000| Untracked 
|  27|0x00000000e1b00000, 0x00000000e1b00000, 0x00000000e1c00000|  0%| F|  |TAMS 0x00000000e1b00000, 0x00000000e1b00000| Untracked 
|  28|0x00000000e1c00000, 0x00000000e1c00000, 0x00000000e1d00000|  0%| F|  |TAMS 0x00000000e1c00000, 0x00000000e1c00000| Untracked 
|  29|0x00000000e1d00000, 0x00000000e1d00000, 0x00000000e1e00000|  0%| F|  |TAMS 0x00000000e1d00000, 0x00000000e1d00000| Untracked 
|  30|0x00000000e1e00000, 0x00000000e1e00000, 0x00000000e1f00000|  0%| F|  |TAMS 0x00000000e1e00000, 0x00000000e1e00000| Untracked 
|  31|0x00000000e1f00000, 0x00000000e1f00000, 0x00000000e2000000|  0%| F|  |TAMS 0x00000000e1f00000, 0x00000000e1f00000| Untracked 
|  32|0x00000000e2000000, 0x00000000e2000000, 0x00000000e2100000|  0%| F|  |TAMS 0x00000000e2000000, 0x00000000e2000000| Untracked 
|  33|0x00000000e2100000, 0x00000000e2100000, 0x00000000e2200000|  0%| F|  |TAMS 0x00000000e2100000, 0x00000000e2100000| Untracked 
|  34|0x00000000e2200000, 0x00000000e2200000, 0x00000000e2300000|  0%| F|  |TAMS 0x00000000e2200000, 0x00000000e2200000| Untracked 
|  35|0x00000000e2300000, 0x00000000e2300000, 0x00000000e2400000|  0%| F|  |TAMS 0x00000000e2300000, 0x00000000e2300000| Untracked 
|  36|0x00000000e2400000, 0x00000000e2400000, 0x00000000e2500000|  0%| F|  |TAMS 0x00000000e2400000, 0x00000000e2400000| Untracked 
|  37|0x00000000e2500000, 0x00000000e2500000, 0x00000000e2600000|  0%| F|  |TAMS 0x00000000e2500000, 0x00000000e2500000| Untracked 
|  38|0x00000000e2600000, 0x00000000e2600000, 0x00000000e2700000|  0%| F|  |TAMS 0x00000000e2600000, 0x00000000e2600000| Untracked 
|  39|0x00000000e2700000, 0x00000000e2700000, 0x00000000e2800000|  0%| F|  |TAMS 0x00000000e2700000, 0x00000000e2700000| Untracked 
|  40|0x00000000e2800000, 0x00000000e2800000, 0x00000000e2900000|  0%| F|  |TAMS 0x00000000e2800000, 0x00000000e2800000| Untracked 
|  41|0x00000000e2900000, 0x00000000e2900000, 0x00000000e2a00000|  0%| F|  |TAMS 0x00000000e2900000, 0x00000000e2900000| Untracked 
|  42|0x00000000e2a00000, 0x00000000e2a00000, 0x00000000e2b00000|  0%| F|  |TAMS 0x00000000e2a00000, 0x00000000e2a00000| Untracked 
|  43|0x00000000e2b00000, 0x00000000e2b00000, 0x00000000e2c00000|  0%| F|  |TAMS 0x00000000e2b00000, 0x00000000e2b00000| Untracked 
|  44|0x00000000e2c00000, 0x00000000e2c00000, 0x00000000e2d00000|  0%| F|  |TAMS 0x00000000e2c00000, 0x00000000e2c00000| Untracked 
|  45|0x00000000e2d00000, 0x00000000e2d00000, 0x00000000e2e00000|  0%| F|  |TAMS 0x00000000e2d00000, 0x00000000e2d00000| Untracked 
|  46|0x00000000e2e00000, 0x00000000e2e00000, 0x00000000e2f00000|  0%| F|  |TAMS 0x00000000e2e00000, 0x00000000e2e00000| Untracked 
|  47|0x00000000e2f00000, 0x00000000e2f00000, 0x00000000e3000000|  0%| F|  |TAMS 0x00000000e2f00000, 0x00000000e2f00000| Untracked 
|  48|0x00000000e3000000, 0x00000000e3000000, 0x00000000e3100000|  0%| F|  |TAMS 0x00000000e3000000, 0x00000000e3000000| Untracked 
|  49|0x00000000e3100000, 0x00000000e3100000, 0x00000000e3200000|  0%| F|  |TAMS 0x00000000e3100000, 0x00000000e3100000| Untracked 
|  50|0x00000000e3200000, 0x00000000e3200000, 0x00000000e3300000|  0%| F|  |TAMS 0x00000000e3200000, 0x00000000e3200000| Untracked 
|  51|0x00000000e3300000, 0x00000000e3300000, 0x00000000e3400000|  0%| F|  |TAMS 0x00000000e3300000, 0x00000000e3300000| Untracked 
|  52|0x00000000e3400000, 0x00000000e3400000, 0x00000000e3500000|  0%| F|  |TAMS 0x00000000e3400000, 0x00000000e3400000| Untracked 
|  53|0x00000000e3500000, 0x00000000e3500000, 0x00000000e3600000|  0%| F|  |TAMS 0x00000000e3500000, 0x00000000e3500000| Untracked 
|  54|0x00000000e3600000, 0x00000000e3600000, 0x00000000e3700000|  0%| F|  |TAMS 0x00000000e3600000, 0x00000000e3600000| Untracked 
|  55|0x00000000e3700000, 0x00000000e3700000, 0x00000000e3800000|  0%| F|  |TAMS 0x00000000e3700000, 0x00000000e3700000| Untracked 
|  56|0x00000000e3800000, 0x00000000e3800000, 0x00000000e3900000|  0%| F|  |TAMS 0x00000000e3800000, 0x00000000e3800000| Untracked 
|  57|0x00000000e3900000, 0x00000000e3900000, 0x00000000e3a00000|  0%| F|  |TAMS 0x00000000e3900000, 0x00000000e3900000| Untracked 
|  58|0x00000000e3a00000, 0x00000000e3a00000, 0x00000000e3b00000|  0%| F|  |TAMS 0x00000000e3a00000, 0x00000000e3a00000| Untracked 
|  59|0x00000000e3b00000, 0x00000000e3b00000, 0x00000000e3c00000|  0%| F|  |TAMS 0x00000000e3b00000, 0x00000000e3b00000| Untracked 
|  60|0x00000000e3c00000, 0x00000000e3c00000, 0x00000000e3d00000|  0%| F|  |TAMS 0x00000000e3c00000, 0x00000000e3c00000| Untracked 
|  61|0x00000000e3d00000, 0x00000000e3d00000, 0x00000000e3e00000|  0%| F|  |TAMS 0x00000000e3d00000, 0x00000000e3d00000| Untracked 
|  62|0x00000000e3e00000, 0x00000000e3e00000, 0x00000000e3f00000|  0%| F|  |TAMS 0x00000000e3e00000, 0x00000000e3e00000| Untracked 
|  63|0x00000000e3f00000, 0x00000000e3f00000, 0x00000000e4000000|  0%| F|  |TAMS 0x00000000e3f00000, 0x00000000e3f00000| Untracked 
|  64|0x00000000e4000000, 0x00000000e4000000, 0x00000000e4100000|  0%| F|  |TAMS 0x00000000e4000000, 0x00000000e4000000| Untracked 
|  65|0x00000000e4100000, 0x00000000e4100000, 0x00000000e4200000|  0%| F|  |TAMS 0x00000000e4100000, 0x00000000e4100000| Untracked 
|  66|0x00000000e4200000, 0x00000000e4200000, 0x00000000e4300000|  0%| F|  |TAMS 0x00000000e4200000, 0x00000000e4200000| Untracked 
|  67|0x00000000e4300000, 0x00000000e4300000, 0x00000000e4400000|  0%| F|  |TAMS 0x00000000e4300000, 0x00000000e4300000| Untracked 
|  68|0x00000000e4400000, 0x00000000e4400000, 0x00000000e4500000|  0%| F|  |TAMS 0x00000000e4400000, 0x00000000e4400000| Untracked 
|  69|0x00000000e4500000, 0x00000000e4500000, 0x00000000e4600000|  0%| F|  |TAMS 0x00000000e4500000, 0x00000000e4500000| Untracked 
|  70|0x00000000e4600000, 0x00000000e4600000, 0x00000000e4700000|  0%| F|  |TAMS 0x00000000e4600000, 0x00000000e4600000| Untracked 
|  71|0x00000000e4700000, 0x00000000e4700000, 0x00000000e4800000|  0%| F|  |TAMS 0x00000000e4700000, 0x00000000e4700000| Untracked 
|  72|0x00000000e4800000, 0x00000000e4800000, 0x00000000e4900000|  0%| F|  |TAMS 0x00000000e4800000, 0x00000000e4800000| Untracked 
|  73|0x00000000e4900000, 0x00000000e4900000, 0x00000000e4a00000|  0%| F|  |TAMS 0x00000000e4900000, 0x00000000e4900000| Untracked 
|  74|0x00000000e4a00000, 0x00000000e4a00000, 0x00000000e4b00000|  0%| F|  |TAMS 0x00000000e4a00000, 0x00000000e4a00000| Untracked 
|  75|0x00000000e4b00000, 0x00000000e4b00000, 0x00000000e4c00000|  0%| F|  |TAMS 0x00000000e4b00000, 0x00000000e4b00000| Untracked 
|  76|0x00000000e4c00000, 0x00000000e4c00000, 0x00000000e4d00000|  0%| F|  |TAMS 0x00000000e4c00000, 0x00000000e4c00000| Untracked 
|  77|0x00000000e4d00000, 0x00000000e4d00000, 0x00000000e4e00000|  0%| F|  |TAMS 0x00000000e4d00000, 0x00000000e4d00000| Untracked 
|  78|0x00000000e4e00000, 0x00000000e4e00000, 0x00000000e4f00000|  0%| F|  |TAMS 0x00000000e4e00000, 0x00000000e4e00000| Untracked 
|  79|0x00000000e4f00000, 0x00000000e4f00000, 0x00000000e5000000|  0%| F|  |TAMS 0x00000000e4f00000, 0x00000000e4f00000| Untracked 
|  80|0x00000000e5000000, 0x00000000e5000000, 0x00000000e5100000|  0%| F|  |TAMS 0x00000000e5000000, 0x00000000e5000000| Untracked 
|  81|0x00000000e5100000, 0x00000000e5100000, 0x00000000e5200000|  0%| F|  |TAMS 0x00000000e5100000, 0x00000000e5100000| Untracked 
|  82|0x00000000e5200000, 0x00000000e5200000, 0x00000000e5300000|  0%| F|  |TAMS 0x00000000e5200000, 0x00000000e5200000| Untracked 
|  83|0x00000000e5300000, 0x00000000e5300000, 0x00000000e5400000|  0%| F|  |TAMS 0x00000000e5300000, 0x00000000e5300000| Untracked 
|  84|0x00000000e5400000, 0x00000000e5400000, 0x00000000e5500000|  0%| F|  |TAMS 0x00000000e5400000, 0x00000000e5400000| Untracked 
|  85|0x00000000e5500000, 0x00000000e5500000, 0x00000000e5600000|  0%| F|  |TAMS 0x00000000e5500000, 0x00000000e5500000| Untracked 
|  86|0x00000000e5600000, 0x00000000e5600000, 0x00000000e5700000|  0%| F|  |TAMS 0x00000000e5600000, 0x00000000e5600000| Untracked 
|  87|0x00000000e5700000, 0x00000000e5700000, 0x00000000e5800000|  0%| F|  |TAMS 0x00000000e5700000, 0x00000000e5700000| Untracked 
|  88|0x00000000e5800000, 0x00000000e5800000, 0x00000000e5900000|  0%| F|  |TAMS 0x00000000e5800000, 0x00000000e5800000| Untracked 
|  89|0x00000000e5900000, 0x00000000e5900000, 0x00000000e5a00000|  0%| F|  |TAMS 0x00000000e5900000, 0x00000000e5900000| Untracked 
|  90|0x00000000e5a00000, 0x00000000e5a00000, 0x00000000e5b00000|  0%| F|  |TAMS 0x00000000e5a00000, 0x00000000e5a00000| Untracked 
|  91|0x00000000e5b00000, 0x00000000e5b00000, 0x00000000e5c00000|  0%| F|  |TAMS 0x00000000e5b00000, 0x00000000e5b00000| Untracked 
|  92|0x00000000e5c00000, 0x00000000e5c00000, 0x00000000e5d00000|  0%| F|  |TAMS 0x00000000e5c00000, 0x00000000e5c00000| Untracked 
|  93|0x00000000e5d00000, 0x00000000e5d00000, 0x00000000e5e00000|  0%| F|  |TAMS 0x00000000e5d00000, 0x00000000e5d00000| Untracked 
|  94|0x00000000e5e00000, 0x00000000e5e00000, 0x00000000e5f00000|  0%| F|  |TAMS 0x00000000e5e00000, 0x00000000e5e00000| Untracked 
|  95|0x00000000e5f00000, 0x00000000e5f00000, 0x00000000e6000000|  0%| F|  |TAMS 0x00000000e5f00000, 0x00000000e5f00000| Untracked 
|  96|0x00000000e6000000, 0x00000000e6000000, 0x00000000e6100000|  0%| F|  |TAMS 0x00000000e6000000, 0x00000000e6000000| Untracked 
|  97|0x00000000e6100000, 0x00000000e6100000, 0x00000000e6200000|  0%| F|  |TAMS 0x00000000e6100000, 0x00000000e6100000| Untracked 
|  98|0x00000000e6200000, 0x00000000e6200000, 0x00000000e6300000|  0%| F|  |TAMS 0x00000000e6200000, 0x00000000e6200000| Untracked 
|  99|0x00000000e6300000, 0x00000000e6300000, 0x00000000e6400000|  0%| F|  |TAMS 0x00000000e6300000, 0x00000000e6300000| Untracked 
| 100|0x00000000e6400000, 0x00000000e6400000, 0x00000000e6500000|  0%| F|  |TAMS 0x00000000e6400000, 0x00000000e6400000| Untracked 
| 101|0x00000000e6500000, 0x00000000e6500000, 0x00000000e6600000|  0%| F|  |TAMS 0x00000000e6500000, 0x00000000e6500000| Untracked 
| 102|0x00000000e6600000, 0x00000000e6600000, 0x00000000e6700000|  0%| F|  |TAMS 0x00000000e6600000, 0x00000000e6600000| Untracked 
| 103|0x00000000e6700000, 0x00000000e6700000, 0x00000000e6800000|  0%| F|  |TAMS 0x00000000e6700000, 0x00000000e6700000| Untracked 
| 104|0x00000000e6800000, 0x00000000e6800000, 0x00000000e6900000|  0%| F|  |TAMS 0x00000000e6800000, 0x00000000e6800000| Untracked 
| 105|0x00000000e6900000, 0x00000000e6900000, 0x00000000e6a00000|  0%| F|  |TAMS 0x00000000e6900000, 0x00000000e6900000| Untracked 
| 106|0x00000000e6a00000, 0x00000000e6a00000, 0x00000000e6b00000|  0%| F|  |TAMS 0x00000000e6a00000, 0x00000000e6a00000| Untracked 
| 107|0x00000000e6b00000, 0x00000000e6b00000, 0x00000000e6c00000|  0%| F|  |TAMS 0x00000000e6b00000, 0x00000000e6b00000| Untracked 
| 108|0x00000000e6c00000, 0x00000000e6c00000, 0x00000000e6d00000|  0%| F|  |TAMS 0x00000000e6c00000, 0x00000000e6c00000| Untracked 
| 109|0x00000000e6d00000, 0x00000000e6d00000, 0x00000000e6e00000|  0%| F|  |TAMS 0x00000000e6d00000, 0x00000000e6d00000| Untracked 
| 110|0x00000000e6e00000, 0x00000000e6e00000, 0x00000000e6f00000|  0%| F|  |TAMS 0x00000000e6e00000, 0x00000000e6e00000| Untracked 
| 111|0x00000000e6f00000, 0x00000000e6f00000, 0x00000000e7000000|  0%| F|  |TAMS 0x00000000e6f00000, 0x00000000e6f00000| Untracked 
| 112|0x00000000e7000000, 0x00000000e7000000, 0x00000000e7100000|  0%| F|  |TAMS 0x00000000e7000000, 0x00000000e7000000| Untracked 
| 113|0x00000000e7100000, 0x00000000e7100000, 0x00000000e7200000|  0%| F|  |TAMS 0x00000000e7100000, 0x00000000e7100000| Untracked 
| 114|0x00000000e7200000, 0x00000000e7200000, 0x00000000e7300000|  0%| F|  |TAMS 0x00000000e7200000, 0x00000000e7200000| Untracked 
| 115|0x00000000e7300000, 0x00000000e7300000, 0x00000000e7400000|  0%| F|  |TAMS 0x00000000e7300000, 0x00000000e7300000| Untracked 
| 116|0x00000000e7400000, 0x00000000e7400000, 0x00000000e7500000|  0%| F|  |TAMS 0x00000000e7400000, 0x00000000e7400000| Untracked 
| 117|0x00000000e7500000, 0x00000000e7500000, 0x00000000e7600000|  0%| F|  |TAMS 0x00000000e7500000, 0x00000000e7500000| Untracked 
| 118|0x00000000e7600000, 0x00000000e7600000, 0x00000000e7700000|  0%| F|  |TAMS 0x00000000e7600000, 0x00000000e7600000| Untracked 
| 119|0x00000000e7700000, 0x00000000e7700000, 0x00000000e7800000|  0%| F|  |TAMS 0x00000000e7700000, 0x00000000e7700000| Untracked 
| 120|0x00000000e7800000, 0x00000000e7800000, 0x00000000e7900000|  0%| F|  |TAMS 0x00000000e7800000, 0x00000000e7800000| Untracked 
| 121|0x00000000e7900000, 0x00000000e7900000, 0x00000000e7a00000|  0%| F|  |TAMS 0x00000000e7900000, 0x00000000e7900000| Untracked 
| 122|0x00000000e7a00000, 0x00000000e7a00000, 0x00000000e7b00000|  0%| F|  |TAMS 0x00000000e7a00000, 0x00000000e7a00000| Untracked 
| 123|0x00000000e7b00000, 0x00000000e7b00000, 0x00000000e7c00000|  0%| F|  |TAMS 0x00000000e7b00000, 0x00000000e7b00000| Untracked 
| 124|0x00000000e7c00000, 0x00000000e7c00000, 0x00000000e7d00000|  0%| F|  |TAMS 0x00000000e7c00000, 0x00000000e7c00000| Untracked 
| 125|0x00000000e7d00000, 0x00000000e7d00000, 0x00000000e7e00000|  0%| F|  |TAMS 0x00000000e7d00000, 0x00000000e7d00000| Untracked 
| 126|0x00000000e7e00000, 0x00000000e7e00000, 0x00000000e7f00000|  0%| F|  |TAMS 0x00000000e7e00000, 0x00000000e7e00000| Untracked 
| 127|0x00000000e7f00000, 0x00000000e7f00000, 0x00000000e8000000|  0%| F|  |TAMS 0x00000000e7f00000, 0x00000000e7f00000| Untracked 
| 128|0x00000000e8000000, 0x00000000e8000000, 0x00000000e8100000|  0%| F|  |TAMS 0x00000000e8000000, 0x00000000e8000000| Untracked 
| 129|0x00000000e8100000, 0x00000000e8100000, 0x00000000e8200000|  0%| F|  |TAMS 0x00000000e8100000, 0x00000000e8100000| Untracked 
| 130|0x00000000e8200000, 0x00000000e8200000, 0x00000000e8300000|  0%| F|  |TAMS 0x00000000e8200000, 0x00000000e8200000| Untracked 
| 131|0x00000000e8300000, 0x00000000e8300000, 0x00000000e8400000|  0%| F|  |TAMS 0x00000000e8300000, 0x00000000e8300000| Untracked 
| 132|0x00000000e8400000, 0x00000000e8400000, 0x00000000e8500000|  0%| F|  |TAMS 0x00000000e8400000, 0x00000000e8400000| Untracked 
| 133|0x00000000e8500000, 0x00000000e8500000, 0x00000000e8600000|  0%| F|  |TAMS 0x00000000e8500000, 0x00000000e8500000| Untracked 
| 134|0x00000000e8600000, 0x00000000e8600000, 0x00000000e8700000|  0%| F|  |TAMS 0x00000000e8600000, 0x00000000e8600000| Untracked 
| 135|0x00000000e8700000, 0x00000000e8700000, 0x00000000e8800000|  0%| F|  |TAMS 0x00000000e8700000, 0x00000000e8700000| Untracked 
| 136|0x00000000e8800000, 0x00000000e8800000, 0x00000000e8900000|  0%| F|  |TAMS 0x00000000e8800000, 0x00000000e8800000| Untracked 
| 137|0x00000000e8900000, 0x00000000e8900000, 0x00000000e8a00000|  0%| F|  |TAMS 0x00000000e8900000, 0x00000000e8900000| Untracked 
| 138|0x00000000e8a00000, 0x00000000e8a00000, 0x00000000e8b00000|  0%| F|  |TAMS 0x00000000e8a00000, 0x00000000e8a00000| Untracked 
| 139|0x00000000e8b00000, 0x00000000e8b00000, 0x00000000e8c00000|  0%| F|  |TAMS 0x00000000e8b00000, 0x00000000e8b00000| Untracked 
| 140|0x00000000e8c00000, 0x00000000e8c00000, 0x00000000e8d00000|  0%| F|  |TAMS 0x00000000e8c00000, 0x00000000e8c00000| Untracked 
| 141|0x00000000e8d00000, 0x00000000e8d00000, 0x00000000e8e00000|  0%| F|  |TAMS 0x00000000e8d00000, 0x00000000e8d00000| Untracked 
| 142|0x00000000e8e00000, 0x00000000e8e00000, 0x00000000e8f00000|  0%| F|  |TAMS 0x00000000e8e00000, 0x00000000e8e00000| Untracked 
| 143|0x00000000e8f00000, 0x00000000e8f00000, 0x00000000e9000000|  0%| F|  |TAMS 0x00000000e8f00000, 0x00000000e8f00000| Untracked 
| 144|0x00000000e9000000, 0x00000000e9000000, 0x00000000e9100000|  0%| F|  |TAMS 0x00000000e9000000, 0x00000000e9000000| Untracked 
| 145|0x00000000e9100000, 0x00000000e9100000, 0x00000000e9200000|  0%| F|  |TAMS 0x00000000e9100000, 0x00000000e9100000| Untracked 
| 146|0x00000000e9200000, 0x00000000e9200000, 0x00000000e9300000|  0%| F|  |TAMS 0x00000000e9200000, 0x00000000e9200000| Untracked 
| 147|0x00000000e9300000, 0x00000000e9300000, 0x00000000e9400000|  0%| F|  |TAMS 0x00000000e9300000, 0x00000000e9300000| Untracked 
| 148|0x00000000e9400000, 0x00000000e9400000, 0x00000000e9500000|  0%| F|  |TAMS 0x00000000e9400000, 0x00000000e9400000| Untracked 
| 149|0x00000000e9500000, 0x00000000e9500000, 0x00000000e9600000|  0%| F|  |TAMS 0x00000000e9500000, 0x00000000e9500000| Untracked 
| 150|0x00000000e9600000, 0x00000000e9600000, 0x00000000e9700000|  0%| F|  |TAMS 0x00000000e9600000, 0x00000000e9600000| Untracked 
| 151|0x00000000e9700000, 0x00000000e9700000, 0x00000000e9800000|  0%| F|  |TAMS 0x00000000e9700000, 0x00000000e9700000| Untracked 
| 152|0x00000000e9800000, 0x00000000e9800000, 0x00000000e9900000|  0%| F|  |TAMS 0x00000000e9800000, 0x00000000e9800000| Untracked 
| 153|0x00000000e9900000, 0x00000000e9900000, 0x00000000e9a00000|  0%| F|  |TAMS 0x00000000e9900000, 0x00000000e9900000| Untracked 
| 154|0x00000000e9a00000, 0x00000000e9a00000, 0x00000000e9b00000|  0%| F|  |TAMS 0x00000000e9a00000, 0x00000000e9a00000| Untracked 
| 155|0x00000000e9b00000, 0x00000000e9b00000, 0x00000000e9c00000|  0%| F|  |TAMS 0x00000000e9b00000, 0x00000000e9b00000| Untracked 
| 156|0x00000000e9c00000, 0x00000000e9c00000, 0x00000000e9d00000|  0%| F|  |TAMS 0x00000000e9c00000, 0x00000000e9c00000| Untracked 
| 157|0x00000000e9d00000, 0x00000000e9d00000, 0x00000000e9e00000|  0%| F|  |TAMS 0x00000000e9d00000, 0x00000000e9d00000| Untracked 
| 158|0x00000000e9e00000, 0x00000000e9e00000, 0x00000000e9f00000|  0%| F|  |TAMS 0x00000000e9e00000, 0x00000000e9e00000| Untracked 
| 159|0x00000000e9f00000, 0x00000000e9f00000, 0x00000000ea000000|  0%| F|  |TAMS 0x00000000e9f00000, 0x00000000e9f00000| Untracked 
| 160|0x00000000ea000000, 0x00000000ea000000, 0x00000000ea100000|  0%| F|  |TAMS 0x00000000ea000000, 0x00000000ea000000| Untracked 
| 161|0x00000000ea100000, 0x00000000ea100000, 0x00000000ea200000|  0%| F|  |TAMS 0x00000000ea100000, 0x00000000ea100000| Untracked 
| 162|0x00000000ea200000, 0x00000000ea200000, 0x00000000ea300000|  0%| F|  |TAMS 0x00000000ea200000, 0x00000000ea200000| Untracked 
| 163|0x00000000ea300000, 0x00000000ea300000, 0x00000000ea400000|  0%| F|  |TAMS 0x00000000ea300000, 0x00000000ea300000| Untracked 
| 164|0x00000000ea400000, 0x00000000ea400000, 0x00000000ea500000|  0%| F|  |TAMS 0x00000000ea400000, 0x00000000ea400000| Untracked 
| 165|0x00000000ea500000, 0x00000000ea500000, 0x00000000ea600000|  0%| F|  |TAMS 0x00000000ea500000, 0x00000000ea500000| Untracked 
| 166|0x00000000ea600000, 0x00000000ea600000, 0x00000000ea700000|  0%| F|  |TAMS 0x00000000ea600000, 0x00000000ea600000| Untracked 
| 167|0x00000000ea700000, 0x00000000ea700000, 0x00000000ea800000|  0%| F|  |TAMS 0x00000000ea700000, 0x00000000ea700000| Untracked 
| 168|0x00000000ea800000, 0x00000000ea800000, 0x00000000ea900000|  0%| F|  |TAMS 0x00000000ea800000, 0x00000000ea800000| Untracked 
| 169|0x00000000ea900000, 0x00000000ea900000, 0x00000000eaa00000|  0%| F|  |TAMS 0x00000000ea900000, 0x00000000ea900000| Untracked 
| 170|0x00000000eaa00000, 0x00000000eaa00000, 0x00000000eab00000|  0%| F|  |TAMS 0x00000000eaa00000, 0x00000000eaa00000| Untracked 
| 171|0x00000000eab00000, 0x00000000eab00000, 0x00000000eac00000|  0%| F|  |TAMS 0x00000000eab00000, 0x00000000eab00000| Untracked 
| 172|0x00000000eac00000, 0x00000000eac80d80, 0x00000000ead00000| 50%| E|  |TAMS 0x00000000eac00000, 0x00000000eac00000| Complete 
| 173|0x00000000ead00000, 0x00000000eae00000, 0x00000000eae00000|100%| E|CS|TAMS 0x00000000ead00000, 0x00000000ead00000| Complete 
| 174|0x00000000eae00000, 0x00000000eaf00000, 0x00000000eaf00000|100%| E|CS|TAMS 0x00000000eae00000, 0x00000000eae00000| Complete 
| 175|0x00000000eaf00000, 0x00000000eb000000, 0x00000000eb000000|100%| E|CS|TAMS 0x00000000eaf00000, 0x00000000eaf00000| Complete 
| 176|0x00000000eb000000, 0x00000000eb100000, 0x00000000eb100000|100%| E|CS|TAMS 0x00000000eb000000, 0x00000000eb000000| Complete 
| 177|0x00000000eb100000, 0x00000000eb200000, 0x00000000eb200000|100%| E|CS|TAMS 0x00000000eb100000, 0x00000000eb100000| Complete 
| 178|0x00000000eb200000, 0x00000000eb300000, 0x00000000eb300000|100%| E|CS|TAMS 0x00000000eb200000, 0x00000000eb200000| Complete 
| 179|0x00000000eb300000, 0x00000000eb400000, 0x00000000eb400000|100%| E|CS|TAMS 0x00000000eb300000, 0x00000000eb300000| Complete 
| 180|0x00000000eb400000, 0x00000000eb500000, 0x00000000eb500000|100%| E|CS|TAMS 0x00000000eb400000, 0x00000000eb400000| Complete 
| 181|0x00000000eb500000, 0x00000000eb600000, 0x00000000eb600000|100%| E|CS|TAMS 0x00000000eb500000, 0x00000000eb500000| Complete 
| 182|0x00000000eb600000, 0x00000000eb700000, 0x00000000eb700000|100%| E|CS|TAMS 0x00000000eb600000, 0x00000000eb600000| Complete 
| 183|0x00000000eb700000, 0x00000000eb800000, 0x00000000eb800000|100%| E|CS|TAMS 0x00000000eb700000, 0x00000000eb700000| Complete 
| 184|0x00000000eb800000, 0x00000000eb900000, 0x00000000eb900000|100%| E|CS|TAMS 0x00000000eb800000, 0x00000000eb800000| Complete 
| 185|0x00000000eb900000, 0x00000000eba00000, 0x00000000eba00000|100%| E|CS|TAMS 0x00000000eb900000, 0x00000000eb900000| Complete 
| 186|0x00000000eba00000, 0x00000000ebb00000, 0x00000000ebb00000|100%| E|CS|TAMS 0x00000000eba00000, 0x00000000eba00000| Complete 
| 187|0x00000000ebb00000, 0x00000000ebc00000, 0x00000000ebc00000|100%| E|CS|TAMS 0x00000000ebb00000, 0x00000000ebb00000| Complete 
| 188|0x00000000ebc00000, 0x00000000ebd00000, 0x00000000ebd00000|100%| E|CS|TAMS 0x00000000ebc00000, 0x00000000ebc00000| Complete 
| 189|0x00000000ebd00000, 0x00000000ebe00000, 0x00000000ebe00000|100%| E|CS|TAMS 0x00000000ebd00000, 0x00000000ebd00000| Complete 
| 190|0x00000000ebe00000, 0x00000000ebf00000, 0x00000000ebf00000|100%| E|CS|TAMS 0x00000000ebe00000, 0x00000000ebe00000| Complete 
| 191|0x00000000ebf00000, 0x00000000ec000000, 0x00000000ec000000|100%| E|CS|TAMS 0x00000000ebf00000, 0x00000000ebf00000| Complete 
| 192|0x00000000ec000000, 0x00000000ec100000, 0x00000000ec100000|100%| E|CS|TAMS 0x00000000ec000000, 0x00000000ec000000| Complete 
| 193|0x00000000ec100000, 0x00000000ec200000, 0x00000000ec200000|100%| E|CS|TAMS 0x00000000ec100000, 0x00000000ec100000| Complete 
| 194|0x00000000ec200000, 0x00000000ec300000, 0x00000000ec300000|100%| E|CS|TAMS 0x00000000ec200000, 0x00000000ec200000| Complete 
| 195|0x00000000ec300000, 0x00000000ec400000, 0x00000000ec400000|100%| E|CS|TAMS 0x00000000ec300000, 0x00000000ec300000| Complete 
| 196|0x00000000ec400000, 0x00000000ec500000, 0x00000000ec500000|100%| E|CS|TAMS 0x00000000ec400000, 0x00000000ec400000| Complete 
| 197|0x00000000ec500000, 0x00000000ec600000, 0x00000000ec600000|100%| E|CS|TAMS 0x00000000ec500000, 0x00000000ec500000| Complete 
| 198|0x00000000ec600000, 0x00000000ec700000, 0x00000000ec700000|100%| E|CS|TAMS 0x00000000ec600000, 0x00000000ec600000| Complete 
| 199|0x00000000ec700000, 0x00000000ec800000, 0x00000000ec800000|100%| E|CS|TAMS 0x00000000ec700000, 0x00000000ec700000| Complete 
| 200|0x00000000ec800000, 0x00000000ec900000, 0x00000000ec900000|100%| E|CS|TAMS 0x00000000ec800000, 0x00000000ec800000| Complete 
| 201|0x00000000ec900000, 0x00000000eca00000, 0x00000000eca00000|100%| E|CS|TAMS 0x00000000ec900000, 0x00000000ec900000| Complete 
| 202|0x00000000eca00000, 0x00000000ecb00000, 0x00000000ecb00000|100%| E|CS|TAMS 0x00000000eca00000, 0x00000000eca00000| Complete 
| 203|0x00000000ecb00000, 0x00000000ecc00000, 0x00000000ecc00000|100%| E|CS|TAMS 0x00000000ecb00000, 0x00000000ecb00000| Complete 
| 204|0x00000000ecc00000, 0x00000000ecd00000, 0x00000000ecd00000|100%| E|CS|TAMS 0x00000000ecc00000, 0x00000000ecc00000| Complete 
| 205|0x00000000ecd00000, 0x00000000ece00000, 0x00000000ece00000|100%| E|CS|TAMS 0x00000000ecd00000, 0x00000000ecd00000| Complete 
| 206|0x00000000ece00000, 0x00000000ecf00000, 0x00000000ecf00000|100%| E|CS|TAMS 0x00000000ece00000, 0x00000000ece00000| Complete 
| 207|0x00000000ecf00000, 0x00000000ed000000, 0x00000000ed000000|100%| E|CS|TAMS 0x00000000ecf00000, 0x00000000ecf00000| Complete 
| 208|0x00000000ed000000, 0x00000000ed100000, 0x00000000ed100000|100%| E|CS|TAMS 0x00000000ed000000, 0x00000000ed000000| Complete 
| 209|0x00000000ed100000, 0x00000000ed200000, 0x00000000ed200000|100%| E|CS|TAMS 0x00000000ed100000, 0x00000000ed100000| Complete 
| 210|0x00000000ed200000, 0x00000000ed300000, 0x00000000ed300000|100%| E|CS|TAMS 0x00000000ed200000, 0x00000000ed200000| Complete 
| 211|0x00000000ed300000, 0x00000000ed400000, 0x00000000ed400000|100%| E|CS|TAMS 0x00000000ed300000, 0x00000000ed300000| Complete 
| 212|0x00000000ed400000, 0x00000000ed500000, 0x00000000ed500000|100%| E|CS|TAMS 0x00000000ed400000, 0x00000000ed400000| Complete 
| 213|0x00000000ed500000, 0x00000000ed600000, 0x00000000ed600000|100%| E|CS|TAMS 0x00000000ed500000, 0x00000000ed500000| Complete 
| 214|0x00000000ed600000, 0x00000000ed700000, 0x00000000ed700000|100%| E|CS|TAMS 0x00000000ed600000, 0x00000000ed600000| Complete 
| 215|0x00000000ed700000, 0x00000000ed800000, 0x00000000ed800000|100%| E|CS|TAMS 0x00000000ed700000, 0x00000000ed700000| Complete 
| 216|0x00000000ed800000, 0x00000000ed900000, 0x00000000ed900000|100%| E|CS|TAMS 0x00000000ed800000, 0x00000000ed800000| Complete 
| 217|0x00000000ed900000, 0x00000000eda00000, 0x00000000eda00000|100%| E|CS|TAMS 0x00000000ed900000, 0x00000000ed900000| Complete 
| 218|0x00000000eda00000, 0x00000000edb00000, 0x00000000edb00000|100%| E|CS|TAMS 0x00000000eda00000, 0x00000000eda00000| Complete 
| 219|0x00000000edb00000, 0x00000000edc00000, 0x00000000edc00000|100%| E|CS|TAMS 0x00000000edb00000, 0x00000000edb00000| Complete 
| 220|0x00000000edc00000, 0x00000000edd00000, 0x00000000edd00000|100%| E|CS|TAMS 0x00000000edc00000, 0x00000000edc00000| Complete 
| 221|0x00000000edd00000, 0x00000000ede00000, 0x00000000ede00000|100%| E|CS|TAMS 0x00000000edd00000, 0x00000000edd00000| Complete 
| 222|0x00000000ede00000, 0x00000000edf00000, 0x00000000edf00000|100%| E|CS|TAMS 0x00000000ede00000, 0x00000000ede00000| Complete 
| 223|0x00000000edf00000, 0x00000000ee000000, 0x00000000ee000000|100%| E|CS|TAMS 0x00000000edf00000, 0x00000000edf00000| Complete 
| 224|0x00000000ee000000, 0x00000000ee01c960, 0x00000000ee100000| 11%| S|CS|TAMS 0x00000000ee000000, 0x00000000ee000000| Complete 
| 225|0x00000000ee100000, 0x00000000ee200000, 0x00000000ee200000|100%| S|CS|TAMS 0x00000000ee100000, 0x00000000ee100000| Complete 
| 226|0x00000000ee200000, 0x00000000ee300000, 0x00000000ee300000|100%| E|CS|TAMS 0x00000000ee200000, 0x00000000ee200000| Complete 
| 227|0x00000000ee300000, 0x00000000ee400000, 0x00000000ee400000|100%| E|CS|TAMS 0x00000000ee300000, 0x00000000ee300000| Complete 
| 228|0x00000000ee400000, 0x00000000ee500000, 0x00000000ee500000|100%| E|CS|TAMS 0x00000000ee400000, 0x00000000ee400000| Complete 
| 229|0x00000000ee500000, 0x00000000ee600000, 0x00000000ee600000|100%| E|CS|TAMS 0x00000000ee500000, 0x00000000ee500000| Complete 
| 230|0x00000000ee600000, 0x00000000ee700000, 0x00000000ee700000|100%| E|CS|TAMS 0x00000000ee600000, 0x00000000ee600000| Complete 
| 231|0x00000000ee700000, 0x00000000ee800000, 0x00000000ee800000|100%| E|CS|TAMS 0x00000000ee700000, 0x00000000ee700000| Complete 
| 232|0x00000000ee800000, 0x00000000ee900000, 0x00000000ee900000|100%| E|CS|TAMS 0x00000000ee800000, 0x00000000ee800000| Complete 
| 233|0x00000000ee900000, 0x00000000eea00000, 0x00000000eea00000|100%| E|CS|TAMS 0x00000000ee900000, 0x00000000ee900000| Complete 
| 234|0x00000000eea00000, 0x00000000eeb00000, 0x00000000eeb00000|100%| E|CS|TAMS 0x00000000eea00000, 0x00000000eea00000| Complete 
| 235|0x00000000eeb00000, 0x00000000eec00000, 0x00000000eec00000|100%| E|CS|TAMS 0x00000000eeb00000, 0x00000000eeb00000| Complete 
| 236|0x00000000eec00000, 0x00000000eed00000, 0x00000000eed00000|100%| E|CS|TAMS 0x00000000eec00000, 0x00000000eec00000| Complete 
| 237|0x00000000eed00000, 0x00000000eee00000, 0x00000000eee00000|100%| E|CS|TAMS 0x00000000eed00000, 0x00000000eed00000| Complete 
| 238|0x00000000eee00000, 0x00000000eef00000, 0x00000000eef00000|100%| E|CS|TAMS 0x00000000eee00000, 0x00000000eee00000| Complete 
| 239|0x00000000eef00000, 0x00000000ef000000, 0x00000000ef000000|100%| E|CS|TAMS 0x00000000eef00000, 0x00000000eef00000| Complete 
| 240|0x00000000ef000000, 0x00000000ef100000, 0x00000000ef100000|100%| E|CS|TAMS 0x00000000ef000000, 0x00000000ef000000| Complete 
| 241|0x00000000ef100000, 0x00000000ef200000, 0x00000000ef200000|100%| E|CS|TAMS 0x00000000ef100000, 0x00000000ef100000| Complete 
| 242|0x00000000ef200000, 0x00000000ef300000, 0x00000000ef300000|100%| E|CS|TAMS 0x00000000ef200000, 0x00000000ef200000| Complete 
| 243|0x00000000ef300000, 0x00000000ef400000, 0x00000000ef400000|100%| E|CS|TAMS 0x00000000ef300000, 0x00000000ef300000| Complete 
| 244|0x00000000ef400000, 0x00000000ef500000, 0x00000000ef500000|100%| E|CS|TAMS 0x00000000ef400000, 0x00000000ef400000| Complete 
| 245|0x00000000ef500000, 0x00000000ef600000, 0x00000000ef600000|100%| E|CS|TAMS 0x00000000ef500000, 0x00000000ef500000| Complete 
| 246|0x00000000ef600000, 0x00000000ef700000, 0x00000000ef700000|100%| E|CS|TAMS 0x00000000ef600000, 0x00000000ef600000| Complete 
| 247|0x00000000ef700000, 0x00000000ef800000, 0x00000000ef800000|100%| E|CS|TAMS 0x00000000ef700000, 0x00000000ef700000| Complete 
| 248|0x00000000ef800000, 0x00000000ef900000, 0x00000000ef900000|100%| E|CS|TAMS 0x00000000ef800000, 0x00000000ef800000| Complete 
| 249|0x00000000ef900000, 0x00000000efa00000, 0x00000000efa00000|100%| E|CS|TAMS 0x00000000ef900000, 0x00000000ef900000| Complete 
| 250|0x00000000efa00000, 0x00000000efb00000, 0x00000000efb00000|100%| E|CS|TAMS 0x00000000efa00000, 0x00000000efa00000| Complete 
| 251|0x00000000efb00000, 0x00000000efc00000, 0x00000000efc00000|100%| E|CS|TAMS 0x00000000efb00000, 0x00000000efb00000| Complete 
| 252|0x00000000efc00000, 0x00000000efd00000, 0x00000000efd00000|100%| E|CS|TAMS 0x00000000efc00000, 0x00000000efc00000| Complete 
| 253|0x00000000efd00000, 0x00000000efe00000, 0x00000000efe00000|100%| E|CS|TAMS 0x00000000efd00000, 0x00000000efd00000| Complete 
| 254|0x00000000efe00000, 0x00000000eff00000, 0x00000000eff00000|100%| E|CS|TAMS 0x00000000efe00000, 0x00000000efe00000| Complete 
| 255|0x00000000eff00000, 0x00000000f0000000, 0x00000000f0000000|100%| E|CS|TAMS 0x00000000eff00000, 0x00000000eff00000| Complete 

Card table byte_map: [0x00000202a36a0000,0x00000202a37a0000] _byte_map_base: 0x00000202a2fa0000

Marking Bits (Prev, Next): (CMBitMap*) 0x000002028c9e1d00, (CMBitMap*) 0x000002028c9e1d40
 Prev Bits: [0x00000202a38a0000, 0x00000202a40a0000)
 Next Bits: [0x00000202a40a0000, 0x00000202a48a0000)

Polling page: 0x000002028a940000

Metaspace:

Usage:
  Non-class:     12.79 MB used.
      Class:      2.07 MB used.
       Both:     14.87 MB used.

Virtual space:
  Non-class space:       64.00 MB reserved,      12.94 MB ( 20%) committed,  1 nodes.
      Class space:      320.00 MB reserved,       2.19 MB ( <1%) committed,  1 nodes.
             Both:      384.00 MB reserved,      15.12 MB (  4%) committed. 

Chunk freelists:
   Non-Class:  2.72 MB
       Class:  13.77 MB
        Both:  16.48 MB

MaxMetaspaceSize: 384.00 MB
CompressedClassSpaceSize: 320.00 MB
Initial GC threshold: 21.00 MB
Current GC threshold: 21.00 MB
CDS: on
MetaspaceReclaimPolicy: balanced
 - commit_granule_bytes: 65536.
 - commit_granule_words: 8192.
 - virtual_space_node_default_size: 8388608.
 - enlarge_chunks_in_place: 1.
 - new_chunks_are_fully_committed: 0.
 - uncommit_free_chunks: 1.
 - use_allocation_guard: 0.
 - handle_deallocations: 1.


Internal statistics:

num_allocs_failed_limit: 0.
num_arena_births: 208.
num_arena_deaths: 0.
num_vsnodes_births: 2.
num_vsnodes_deaths: 0.
num_space_committed: 242.
num_space_uncommitted: 0.
num_chunks_returned_to_freelist: 0.
num_chunks_taken_from_freelist: 709.
num_chunk_merges: 0.
num_chunk_splits: 465.
num_chunks_enlarged: 334.
num_inconsistent_stats: 0.

CodeHeap 'non-profiled nmethods': size=120000Kb used=1200Kb max_used=1200Kb free=118799Kb
 bounds [0x000002029bd40000, 0x000002029bfb0000, 0x00000202a3270000]
CodeHeap 'profiled nmethods': size=120000Kb used=4715Kb max_used=4715Kb free=115285Kb
 bounds [0x0000020294270000, 0x0000020294710000, 0x000002029b7a0000]
CodeHeap 'non-nmethods': size=5760Kb used=1224Kb max_used=1291Kb free=4535Kb
 bounds [0x000002029b7a0000, 0x000002029ba10000, 0x000002029bd40000]
 total_blobs=2862 nmethods=2333 adapters=441
 compilation: enabled
              stopped_count=0, restarted_count=0
 full_count=0

Compilation events (20 events):
Event: 6.672 Thread 0x00000202a72e5330 nmethod 2280 0x00000202946eef90 code [0x00000202946ef140, 0x00000202946ef2e8]
Event: 6.672 Thread 0x00000202a72e5330 2281       3       org.gradle.internal.file.FilePathUtil::sizeOfCommonPrefix (10 bytes)
Event: 6.673 Thread 0x00000202a72e5330 nmethod 2281 0x00000202946ef410 code [0x00000202946ef5a0, 0x00000202946ef6c8]
Event: 6.677 Thread 0x00000202a72e5330 2282       3       java.lang.invoke.InvokerBytecodeGenerator::emitStaticInvoke (258 bytes)
Event: 6.679 Thread 0x00000202a72e5330 nmethod 2282 0x00000202946ef790 code [0x00000202946efaa0, 0x00000202946f0a28]
Event: 6.689 Thread 0x00000202a72e5330 2283       3       jdk.internal.misc.Unsafe::putIntUnaligned (79 bytes)
Event: 6.690 Thread 0x00000202a72e5330 nmethod 2283 0x00000202946f1010 code [0x00000202946f11e0, 0x00000202946f1598]
Event: 6.690 Thread 0x00000202a72e5330 2284       3       jdk.internal.misc.Unsafe::getIntUnaligned (12 bytes)
Event: 6.690 Thread 0x00000202a72e5330 nmethod 2284 0x00000202946f1690 code [0x00000202946f1840, 0x00000202946f1a98]
Event: 6.693 Thread 0x00000202a72e5330 2285       3       jdk.internal.misc.Unsafe::putIntUnaligned (14 bytes)
Event: 6.694 Thread 0x00000202a72e5330 nmethod 2285 0x00000202946f1b90 code [0x00000202946f1d40, 0x00000202946f1f98]
Event: 6.714 Thread 0x00000202a72e5330 2286       3       java.nio.ByteBuffer::limit (6 bytes)
Event: 6.714 Thread 0x00000202a72e5330 nmethod 2286 0x00000202946f2090 code [0x00000202946f2240, 0x00000202946f2408]
Event: 6.768 Thread 0x00000202a72d7500 nmethod 2142 0x000002029be5c090 code [0x000002029be5d060, 0x000002029be65810]
Event: 7.105 Thread 0x00000202a72d7500 2287       4       java.util.zip.ZipUtils::get16 (21 bytes)
Event: 7.106 Thread 0x00000202a72d7500 nmethod 2287 0x000002029be69d10 code [0x000002029be69e80, 0x000002029be69f38]
Event: 8.036 Thread 0x00000202a72e5330 2288       3       java.util.concurrent.locks.ReentrantLock::unlock (10 bytes)
Event: 8.037 Thread 0x00000202a72e5330 nmethod 2288 0x00000202946f2490 code [0x00000202946f2660, 0x00000202946f2938]
Event: 8.114 Thread 0x00000202a72e5330 2289       3       java.util.concurrent.locks.ReentrantLock$NonfairSync::initialTryLock (58 bytes)
Event: 8.115 Thread 0x00000202a72e5330 nmethod 2289 0x00000202946f2a90 code [0x00000202946f2c60, 0x00000202946f3078]

GC Heap History (4 events):
Event: 1.250 GC heap before
{Heap before GC invocations=0 (full 0):
 garbage-first heap   total 262144K, used 26624K [0x00000000e0000000, 0x0000000100000000)
  region size 1024K, 23 young (23552K), 0 survivors (0K)
 Metaspace       used 2090K, committed 2240K, reserved 393216K
  class space    used 222K, committed 320K, reserved 327680K
}
Event: 1.280 GC heap after
{Heap after GC invocations=1 (full 0):
 garbage-first heap   total 262144K, used 10598K [0x00000000e0000000, 0x0000000100000000)
  region size 1024K, 3 young (3072K), 3 survivors (3072K)
 Metaspace       used 2090K, committed 2240K, reserved 393216K
  class space    used 222K, committed 320K, reserved 327680K
}
Event: 2.582 GC heap before
{Heap before GC invocations=1 (full 0):
 garbage-first heap   total 262144K, used 38246K [0x00000000e0000000, 0x0000000100000000)
  region size 1024K, 30 young (30720K), 3 survivors (3072K)
 Metaspace       used 4049K, committed 4224K, reserved 393216K
  class space    used 503K, committed 640K, reserved 327680K
}
Event: 2.586 GC heap after
{Heap after GC invocations=2 (full 0):
 garbage-first heap   total 262144K, used 11792K [0x00000000e0000000, 0x0000000100000000)
  region size 1024K, 2 young (2048K), 2 survivors (2048K)
 Metaspace       used 4049K, committed 4224K, reserved 393216K
  class space    used 503K, committed 640K, reserved 327680K
}

Deoptimization events (20 events):
Event: 5.941 Thread 0x00000202c1a40580 Uncommon trap: trap_request=0xffffff45 fr.pc=0x000002029bd7d498 relative=0x0000000000000258
Event: 5.941 Thread 0x00000202c1a40580 Uncommon trap: reason=unstable_if action=reinterpret pc=0x000002029bd7d498 method=java.util.HashMap.getNode(Ljava/lang/Object;)Ljava/util/HashMap$Node; @ 66 c2
Event: 5.941 Thread 0x00000202c1a40580 DEOPT PACKING pc=0x000002029bd7d498 sp=0x000000e5073fc380
Event: 5.941 Thread 0x00000202c1a40580 DEOPT UNPACKING pc=0x000002029b7f23a3 sp=0x000000e5073fc300 mode 2
Event: 5.961 Thread 0x00000202c1a40580 Uncommon trap: trap_request=0xffffff45 fr.pc=0x000002029bdf6870 relative=0x0000000000000250
Event: 5.961 Thread 0x00000202c1a40580 Uncommon trap: reason=unstable_if action=reinterpret pc=0x000002029bdf6870 method=java.util.concurrent.ConcurrentHashMap.get(Ljava/lang/Object;)Ljava/lang/Object; @ 76 c2
Event: 5.961 Thread 0x00000202c1a40580 DEOPT PACKING pc=0x000002029bdf6870 sp=0x000000e5073fb860
Event: 5.961 Thread 0x00000202c1a40580 DEOPT UNPACKING pc=0x000002029b7f23a3 sp=0x000000e5073fb7c8 mode 2
Event: 6.630 Thread 0x00000202c1a40580 Uncommon trap: trap_request=0xffffff45 fr.pc=0x000002029be23af4 relative=0x0000000000000074
Event: 6.630 Thread 0x00000202c1a40580 Uncommon trap: reason=unstable_if action=reinterpret pc=0x000002029be23af4 method=jdk.internal.misc.Unsafe.convEndian(ZI)I @ 4 c2
Event: 6.630 Thread 0x00000202c1a40580 DEOPT PACKING pc=0x000002029be23af4 sp=0x000000e5073fb040
Event: 6.630 Thread 0x00000202c1a40580 DEOPT UNPACKING pc=0x000002029b7f23a3 sp=0x000000e5073faf48 mode 2
Event: 6.691 Thread 0x00000202c1a40580 Uncommon trap: trap_request=0xffffff45 fr.pc=0x000002029bd61884 relative=0x0000000000000b04
Event: 6.691 Thread 0x00000202c1a40580 Uncommon trap: reason=unstable_if action=reinterpret pc=0x000002029bd61884 method=java.io.WinNTFileSystem.resolve(Ljava/lang/String;Ljava/lang/String;)Ljava/lang/String; @ 19 c2
Event: 6.691 Thread 0x00000202c1a40580 DEOPT PACKING pc=0x000002029bd61884 sp=0x000000e5073fb630
Event: 6.691 Thread 0x00000202c1a40580 DEOPT UNPACKING pc=0x000002029b7f23a3 sp=0x000000e5073fb5d8 mode 2
Event: 6.693 Thread 0x00000202c1a40580 Uncommon trap: trap_request=0xffffff45 fr.pc=0x000002029bdd0f0c relative=0x000000000000064c
Event: 6.693 Thread 0x00000202c1a40580 Uncommon trap: reason=unstable_if action=reinterpret pc=0x000002029bdd0f0c method=java.io.File.getName()Ljava/lang/String; @ 16 c2
Event: 6.693 Thread 0x00000202c1a40580 DEOPT PACKING pc=0x000002029bdd0f0c sp=0x000000e5073fb5d0
Event: 6.693 Thread 0x00000202c1a40580 DEOPT UNPACKING pc=0x000002029b7f23a3 sp=0x000000e5073fb5a0 mode 2

Classes unloaded (0 events):
No events

Classes redefined (0 events):
No events

Internal exceptions (20 events):
Event: 3.925 Thread 0x000002028c9b4790 Exception <a 'java/lang/NoSuchMethodError'{0x00000000ed550138}: 'java.lang.Object java.lang.invoke.DirectMethodHandle$Holder.invokeStaticInit(java.lang.Object, int, int, int, int)'> (0x00000000ed550138) 
thrown [s\open\src\hotspot\share\interpreter\linkResolver.cpp, line 759]
Event: 4.368 Thread 0x000002028c9b4790 Exception <a 'java/lang/NoSuchMethodError'{0x00000000ed45cf48}: 'java.lang.Object java.lang.invoke.DirectMethodHandle$Holder.invokeStaticInit(java.lang.Object, java.lang.Object, int, int, int, int)'> (0x00000000ed45cf48) 
thrown [s\open\src\hotspot\share\interpreter\linkResolver.cpp, line 759]
Event: 5.065 Thread 0x000002028c9b4790 Exception <a 'java/lang/NoSuchMethodError'{0x00000000ed2fa078}: 'void java.lang.invoke.DirectMethodHandle$Holder.invokeStatic(java.lang.Object, java.lang.Object, java.lang.Object)'> (0x00000000ed2fa078) 
thrown [s\open\src\hotspot\share\interpreter\linkResolver.cpp, line 759]
Event: 5.121 Thread 0x000002028c9b4790 Exception <a 'java/io/IOException'{0x00000000ed1c2e50}> (0x00000000ed1c2e50) 
thrown [s\open\src\hotspot\share\prims\jni.cpp, line 516]
Event: 5.128 Thread 0x000002028c9b4790 Implicit null exception at 0x000002029bd81372 to 0x000002029bd8198c
Event: 5.706 Thread 0x00000202c1a40580 Exception <a 'java/lang/NoSuchMethodError'{0x00000000ecaf8098}: 'void java.lang.invoke.DirectMethodHandle$Holder.invokeSpecial(java.lang.Object, java.lang.Object, java.lang.Object)'> (0x00000000ecaf8098) 
thrown [s\open\src\hotspot\share\interpreter\linkResolver.cpp, line 759]
Event: 5.740 Thread 0x00000202c1a40580 Exception <a 'java/lang/NoSuchMethodError'{0x00000000ec9c0820}: 'long java.lang.invoke.DirectMethodHandle$Holder.invokeInterface(java.lang.Object, java.lang.Object)'> (0x00000000ec9c0820) 
thrown [s\open\src\hotspot\share\interpreter\linkResolver.cpp, line 759]
Event: 5.891 Thread 0x00000202c1a40580 Exception <a 'java/lang/NoSuchMethodError'{0x00000000ec40ca78}: 'void java.lang.invoke.DirectMethodHandle$Holder.invokeStatic(java.lang.Object, java.lang.Object)'> (0x00000000ec40ca78) 
thrown [s\open\src\hotspot\share\interpreter\linkResolver.cpp, line 759]
Event: 5.953 Thread 0x00000202c1a40580 Exception <a 'java/lang/NoSuchMethodError'{0x00000000ec3c98e8}: 'java.lang.Object java.lang.invoke.DirectMethodHandle$Holder.newInvokeSpecial(java.lang.Object, java.lang.Object, java.lang.Object, java.lang.Object, java.lang.Object)'> (0x00000000ec3c98e8) 
thrown [s\open\src\hotspot\share\interpreter\linkResolver.cpp, line 759]
Event: 6.066 Thread 0x00000202c1a40580 Exception <a 'java/lang/NoSuchMethodError'{0x00000000ec0a9848}: 'java.lang.Object java.lang.invoke.DirectMethodHandle$Holder.newInvokeSpecial(java.lang.Object, java.lang.Object, java.lang.Object, java.lang.Object, java.lang.Object, java.lang.Object)'> (0x00000000ec0a9848) 
thrown [s\open\src\hotspot\share\interpreter\linkResolver.cpp, line 759]
Event: 6.069 Thread 0x00000202c1a40580 Exception <a 'java/lang/NoSuchMethodError'{0x00000000ec0c1e48}: 'void java.lang.invoke.DirectMethodHandle$Holder.invokeSpecial(java.lang.Object, java.lang.Object, java.lang.Object, java.lang.Object, java.lang.Object)'> (0x00000000ec0c1e48) 
thrown [s\open\src\hotspot\share\interpreter\linkResolver.cpp, line 759]
Event: 6.073 Thread 0x00000202c1a40580 Exception <a 'java/lang/NoSuchMethodError'{0x00000000ec0d65f8}: 'void java.lang.invoke.DirectMethodHandle$Holder.invokeStaticInit(java.lang.Object, java.lang.Object)'> (0x00000000ec0d65f8) 
thrown [s\open\src\hotspot\share\interpreter\linkResolver.cpp, line 759]
Event: 6.182 Thread 0x00000202c1a40580 Exception <a 'java/lang/NoSuchMethodError'{0x00000000ebdb2fc0}: 'void java.lang.invoke.DelegatingMethodHandle$Holder.reinvoke_L(java.lang.Object, java.lang.Object, java.lang.Object, java.lang.Object, java.lang.Object, java.lang.Object, java.lang.Object, java.lang.Object, java.lang.Object, java.lang.Object)'> (0x00000000ebdb2fc0) 
thrown [s\open\src\hotspot\share\interpreter\linkResolver.cpp, line 759]
Event: 6.183 Thread 0x00000202c1a40580 Exception <a 'java/lang/NoSuchMethodError'{0x00000000ebdbb430}: 'java.lang.Object java.lang.invoke.DirectMethodHandle$Holder.invokeSpecial(java.lang.Object, java.lang.Object, java.lang.Object, java.lang.Object, java.lang.Object, java.lang.Object, java.lang.Object, java.lang.Object, java.lang.Object, java.lang.Object)'> (0x00000000ebdbb430) 
thrown [s\open\src\hotspot\share\interpreter\linkResolver.cpp, line 759]
Event: 6.183 Thread 0x00000202c1a40580 Exception <a 'java/lang/NoSuchMethodError'{0x00000000ebdbfd00}: 'java.lang.Object java.lang.invoke.Invokers$Holder.invoker(java.lang.Object, java.lang.Object, java.lang.Object, java.lang.Object, java.lang.Object, java.lang.Object, java.lang.Object, java.lang.Object, java.lang.Object, java.lang.Object)'> (0x00000000ebdbfd00) 
thrown [s\open\src\hotspot\share\interpreter\linkResolver.cpp, line 759]
Event: 6.184 Thread 0x00000202c1a40580 Exception <a 'java/lang/NoSuchMethodError'{0x00000000ebdc5888}: 'java.lang.Object java.lang.invoke.DirectMethodHandle$Holder.invokeSpecial(java.lang.Object, java.lang.Object, java.lang.Object, java.lang.Object, java.lang.Object, java.lang.Object, java.lang.Object, java.lang.Object, java.lang.Object, java.lang.Object, java.lang.Object)'> (0x00000000ebdc5888) 
thrown [s\open\src\hotspot\share\interpreter\linkResolver.cpp, line 759]
Event: 6.473 Thread 0x00000202c1a40580 Exception <a 'java/lang/NoSuchMethodError'{0x00000000eb639110}: 'void java.lang.invoke.DirectMethodHandle$Holder.invokeStaticInit(java.lang.Object)'> (0x00000000eb639110) 
thrown [s\open\src\hotspot\share\interpreter\linkResolver.cpp, line 759]
Event: 6.509 Thread 0x00000202c1a40580 Exception <a 'java/lang/NoSuchMethodError'{0x00000000eb6eb908}: 'java.lang.Object java.lang.invoke.DirectMethodHandle$Holder.newInvokeSpecial(java.lang.Object, java.lang.Object, java.lang.Object, int)'> (0x00000000eb6eb908) 
thrown [s\open\src\hotspot\share\interpreter\linkResolver.cpp, line 759]
Event: 6.514 Thread 0x00000202c1a40580 Exception <a 'java/lang/NoSuchMethodError'{0x00000000eb6f0238}: 'java.lang.Object java.lang.invoke.DirectMethodHandle$Holder.invokeSpecial(java.lang.Object, java.lang.Object, java.lang.Object, java.lang.Object, int)'> (0x00000000eb6f0238) 
thrown [s\open\src\hotspot\share\interpreter\linkResolver.cpp, line 759]
Event: 6.515 Thread 0x00000202c1a40580 Exception <a 'java/lang/NoSuchMethodError'{0x00000000eb6f4350}: 'java.lang.Object java.lang.invoke.Invokers$Holder.linkToTargetMethod(java.lang.Object, java.lang.Object, int, java.lang.Object)'> (0x00000000eb6f4350) 
thrown [s\open\src\hotspot\share\interpreter\linkResolver.cpp, line 759]

VM Operations (20 events):
Event: 3.705 Executing VM operation: Cleanup
Event: 3.705 Executing VM operation: Cleanup done
Event: 3.795 Executing VM operation: HandshakeAllThreads
Event: 3.795 Executing VM operation: HandshakeAllThreads done
Event: 3.906 Executing VM operation: HandshakeAllThreads
Event: 3.906 Executing VM operation: HandshakeAllThreads done
Event: 4.279 Executing VM operation: HandshakeAllThreads
Event: 4.279 Executing VM operation: HandshakeAllThreads done
Event: 5.062 Executing VM operation: HandshakeAllThreads
Event: 5.062 Executing VM operation: HandshakeAllThreads done
Event: 5.062 Executing VM operation: Cleanup
Event: 5.062 Executing VM operation: Cleanup done
Event: 5.519 Executing VM operation: HandshakeAllThreads
Event: 5.519 Executing VM operation: HandshakeAllThreads done
Event: 6.134 Executing VM operation: HandshakeAllThreads
Event: 6.134 Executing VM operation: HandshakeAllThreads done
Event: 6.134 Executing VM operation: Cleanup
Event: 6.135 Executing VM operation: Cleanup done
Event: 7.147 Executing VM operation: Cleanup
Event: 7.147 Executing VM operation: Cleanup done

Events (20 events):
Event: 6.622 loading class sun/security/provider/MD5
Event: 6.623 loading class sun/security/provider/MD5 done
Event: 6.623 loading class sun/security/provider/SHA5$SHA512
Event: 6.624 loading class sun/security/provider/SHA5
Event: 6.624 loading class sun/security/provider/SHA5 done
Event: 6.624 loading class sun/security/provider/SHA5$SHA512 done
Event: 6.628 loading class sun/security/provider/ByteArrayAccess$LE
Event: 6.628 loading class sun/security/provider/ByteArrayAccess$LE done
Event: 6.692 loading class java/io/File$TempDirectory
Event: 6.692 loading class java/io/File$TempDirectory done
Event: 6.713 loading class java/io/PrintWriter
Event: 6.713 loading class java/io/PrintWriter done
Event: 7.102 loading class java/util/zip/CheckedInputStream
Event: 7.102 loading class java/util/zip/CheckedInputStream done
Event: 7.109 loading class java/nio/file/FileVisitor
Event: 7.109 loading class java/nio/file/FileVisitor done
Event: 7.112 loading class java/io/FilenameFilter
Event: 7.112 loading class java/io/FilenameFilter done
Event: 7.112 loading class java/nio/file/PathMatcher
Event: 7.112 loading class java/nio/file/PathMatcher done


Dynamic libraries:
0x00007ff7fbd50000 - 0x00007ff7fbd60000 	C:\Program Files\Java\jdk-17\bin\java.exe
0x00007ffdbb0c0000 - 0x00007ffdbb328000 	C:\WINDOWS\SYSTEM32\ntdll.dll
0x00007ffdba480000 - 0x00007ffdba549000 	C:\WINDOWS\System32\KERNEL32.DLL
0x00007ffdb86e0000 - 0x00007ffdb8ad1000 	C:\WINDOWS\System32\KERNELBASE.dll
0x00007ffdb7b20000 - 0x00007ffdb7c6b000 	C:\WINDOWS\System32\ucrtbase.dll
0x00007ffdab690000 - 0x00007ffdab6ab000 	C:\Program Files\Java\jdk-17\bin\VCRUNTIME140.dll
0x00007ffdab670000 - 0x00007ffdab689000 	C:\Program Files\Java\jdk-17\bin\jli.dll
0x00007ffdba5d0000 - 0x00007ffdba684000 	C:\WINDOWS\System32\ADVAPI32.dll
0x00007ffdb9840000 - 0x00007ffdb98e9000 	C:\WINDOWS\System32\msvcrt.dll
0x00007ffdb9790000 - 0x00007ffdb9836000 	C:\WINDOWS\System32\sechost.dll
0x00007ffdb9af0000 - 0x00007ffdb9c08000 	C:\WINDOWS\System32\RPCRT4.dll
0x00007ffdb8e60000 - 0x00007ffdb9026000 	C:\WINDOWS\System32\USER32.dll
0x00007ffdb8d80000 - 0x00007ffdb8da7000 	C:\WINDOWS\System32\win32u.dll
0x00007ffda1880000 - 0x00007ffda1b13000 	C:\WINDOWS\WinSxS\amd64_microsoft.windows.common-controls_6595b64144ccf1df_6.0.26100.7824_none_3e0870b2e3345462\COMCTL32.dll
0x00007ffdbaba0000 - 0x00007ffdbabcb000 	C:\WINDOWS\System32\GDI32.dll
0x00007ffdb8c50000 - 0x00007ffdb8d7b000 	C:\WINDOWS\System32\gdi32full.dll
0x00007ffdb7d00000 - 0x00007ffdb7da3000 	C:\WINDOWS\System32\msvcp_win.dll
0x00007ffdaee20000 - 0x00007ffdaee2b000 	C:\WINDOWS\SYSTEM32\VERSION.dll
0x00007ffdba430000 - 0x00007ffdba461000 	C:\WINDOWS\System32\IMM32.DLL
0x00007ffdab660000 - 0x00007ffdab66c000 	C:\Program Files\Java\jdk-17\bin\vcruntime140_1.dll
0x00007ffda0ea0000 - 0x00007ffda0f2e000 	C:\Program Files\Java\jdk-17\bin\msvcp140.dll
0x00007ffd21ac0000 - 0x00007ffd226a0000 	C:\Program Files\Java\jdk-17\bin\server\jvm.dll
0x00007ffdbabd0000 - 0x00007ffdbabd8000 	C:\WINDOWS\System32\PSAPI.DLL
0x00007ffd811a0000 - 0x00007ffd811aa000 	C:\WINDOWS\SYSTEM32\WSOCK32.dll
0x00007ffda0c10000 - 0x00007ffda0c45000 	C:\WINDOWS\SYSTEM32\WINMM.dll
0x00007ffdba550000 - 0x00007ffdba5c4000 	C:\WINDOWS\System32\WS2_32.dll
0x00007ffdb66f0000 - 0x00007ffdb670b000 	C:\WINDOWS\SYSTEM32\kernel.appcore.dll
0x00007ffdab450000 - 0x00007ffdab45a000 	C:\Program Files\Java\jdk-17\bin\jimage.dll
0x00007ffdb28b0000 - 0x00007ffdb2af2000 	C:\WINDOWS\SYSTEM32\DBGHELP.DLL
0x00007ffdba790000 - 0x00007ffdbab16000 	C:\WINDOWS\System32\combase.dll
0x00007ffdbad30000 - 0x00007ffdbae07000 	C:\WINDOWS\System32\OLEAUT32.dll
0x00007ffdb1000000 - 0x00007ffdb103b000 	C:\WINDOWS\SYSTEM32\dbgcore.DLL
0x00007ffdb8db0000 - 0x00007ffdb8e55000 	C:\WINDOWS\System32\bcryptPrimitives.dll
0x00007ffdab440000 - 0x00007ffdab44e000 	C:\Program Files\Java\jdk-17\bin\instrument.dll
0x00007ffdab370000 - 0x00007ffdab395000 	C:\Program Files\Java\jdk-17\bin\java.dll
0x00007ffd92260000 - 0x00007ffd92337000 	C:\Program Files\Java\jdk-17\bin\jsvml.dll
0x00007ffdb9030000 - 0x00007ffdb9782000 	C:\WINDOWS\System32\SHELL32.dll
0x00007ffdb8ae0000 - 0x00007ffdb8c4a000 	C:\WINDOWS\System32\wintypes.dll
0x00007ffdb7db0000 - 0x00007ffdb8613000 	C:\WINDOWS\System32\windows.storage.dll
0x00007ffdb9920000 - 0x00007ffdb9a16000 	C:\WINDOWS\System32\SHCORE.dll
0x00007ffdbae10000 - 0x00007ffdbae77000 	C:\WINDOWS\System32\shlwapi.dll
0x00007ffdb78c0000 - 0x00007ffdb78e9000 	C:\WINDOWS\SYSTEM32\profapi.dll
0x00007ffdab350000 - 0x00007ffdab368000 	C:\Program Files\Java\jdk-17\bin\zip.dll
0x00007ffda97e0000 - 0x00007ffda97f9000 	C:\Program Files\Java\jdk-17\bin\net.dll
0x00007ffd9feb0000 - 0x00007ffd9ffd7000 	C:\WINDOWS\SYSTEM32\WINHTTP.dll
0x00007ffdb6c80000 - 0x00007ffdb6ceb000 	C:\WINDOWS\system32\mswsock.dll
0x00007ffda97c0000 - 0x00007ffda97d6000 	C:\Program Files\Java\jdk-17\bin\nio.dll
0x00007ffdab430000 - 0x00007ffdab440000 	C:\Program Files\Java\jdk-17\bin\verify.dll
0x00007ffdab6b0000 - 0x00007ffdab6d7000 	C:\Users\elian\.gradle\native\c067742578af261105cb4f569cf0c3c89f3d7b1fecec35dd04571415982c5e48\windows-amd64\native-platform.dll
0x00007ffd92050000 - 0x00007ffd92194000 	C:\Users\elian\.gradle\native\100fb08df4bc3b14c8652ba06237920a3bd2aa13389f12d3474272988ae205f9\windows-amd64\native-platform-file-events.dll
0x00007ffda5cd0000 - 0x00007ffda5cda000 	C:\Program Files\Java\jdk-17\bin\management.dll
0x00007ffda2bc0000 - 0x00007ffda2bcb000 	C:\Program Files\Java\jdk-17\bin\management_ext.dll
0x00007ffdb6f60000 - 0x00007ffdb6f7b000 	C:\WINDOWS\SYSTEM32\CRYPTSP.dll
0x00007ffdb6640000 - 0x00007ffdb6679000 	C:\WINDOWS\system32\rsaenh.dll
0x00007ffdb6d30000 - 0x00007ffdb6d5b000 	C:\WINDOWS\SYSTEM32\USERENV.dll
0x00007ffdb7890000 - 0x00007ffdb78ba000 	C:\WINDOWS\SYSTEM32\bcrypt.dll
0x00007ffdb6f50000 - 0x00007ffdb6f5c000 	C:\WINDOWS\SYSTEM32\CRYPTBASE.dll
0x00007ffdb6120000 - 0x00007ffdb6154000 	C:\WINDOWS\SYSTEM32\IPHLPAPI.DLL
0x00007ffdb9ae0000 - 0x00007ffdb9aea000 	C:\WINDOWS\System32\NSI.dll
0x00007ffda0710000 - 0x00007ffda072e000 	C:\WINDOWS\SYSTEM32\dhcpcsvc6.DLL
0x00007ffd9fe80000 - 0x00007ffd9fea3000 	C:\WINDOWS\SYSTEM32\dhcpcsvc.DLL
0x00007ffdb61d0000 - 0x00007ffdb62fc000 	C:\WINDOWS\SYSTEM32\DNSAPI.dll
0x00007ffda2460000 - 0x00007ffda246e000 	C:\Program Files\Java\jdk-17\bin\sunmscapi.dll
0x00007ffdb79a0000 - 0x00007ffdb7b17000 	C:\WINDOWS\System32\CRYPT32.dll
0x00007ffdb7170000 - 0x00007ffdb71a0000 	C:\WINDOWS\SYSTEM32\ncrypt.dll
0x00007ffdb7120000 - 0x00007ffdb715f000 	C:\WINDOWS\SYSTEM32\NTASN1.dll
0x00007ffd9d0f0000 - 0x00007ffd9d0f8000 	C:\WINDOWS\system32\wshunix.dll

dbghelp: loaded successfully - version: 4.0.5 - missing functions: none
symbol engine: initialized successfully - sym options: 0x614 - pdb path: .;C:\Program Files\Java\jdk-17\bin;C:\WINDOWS\SYSTEM32;C:\WINDOWS\WinSxS\amd64_microsoft.windows.common-controls_6595b64144ccf1df_6.0.26100.7824_none_3e0870b2e3345462;C:\Program Files\Java\jdk-17\bin\server;C:\Users\elian\.gradle\native\c067742578af261105cb4f569cf0c3c89f3d7b1fecec35dd04571415982c5e48\windows-amd64;C:\Users\elian\.gradle\native\100fb08df4bc3b14c8652ba06237920a3bd2aa13389f12d3474272988ae205f9\windows-amd64

VM Arguments:
jvm_args: --add-opens=java.base/java.util=ALL-UNNAMED --add-opens=java.base/java.lang=ALL-UNNAMED --add-opens=java.base/java.lang.invoke=ALL-UNNAMED --add-opens=java.prefs/java.util.prefs=ALL-UNNAMED --add-opens=java.base/java.nio.charset=ALL-UNNAMED --add-opens=java.base/java.net=ALL-UNNAMED --add-opens=java.base/java.util.concurrent.atomic=ALL-UNNAMED -XX:MaxMetaspaceSize=384m -XX:+HeapDumpOnOutOfMemoryError -Xms256m -Xmx512m -Dfile.encoding=UTF-8 -Duser.country=BR -Duser.language=pt -Duser.variant -javaagent:C:\Users\elian\.gradle\wrapper\dists\gradle-8.8-bin\dl7vupf4psengwqhwktix4v1\gradle-8.8\lib\agents\gradle-instrumentation-agent-8.8.jar 
java_command: org.gradle.launcher.daemon.bootstrap.GradleDaemon 8.8
java_class_path (initial): C:\Users\elian\.gradle\wrapper\dists\gradle-8.8-bin\dl7vupf4psengwqhwktix4v1\gradle-8.8\lib\gradle-launcher-8.8.jar
Launcher Type: SUN_STANDARD

[Global flags]
     intx CICompilerCount                          = 4                                         {product} {ergonomic}
   size_t CompressedClassSpaceSize                 = 335544320                                 {product} {ergonomic}
     uint ConcGCThreads                            = 2                                         {product} {ergonomic}
     uint G1ConcRefinementThreads                  = 8                                         {product} {ergonomic}
   size_t G1HeapRegionSize                         = 1048576                                   {product} {ergonomic}
    uintx GCDrainStackTargetSize                   = 64                                        {product} {ergonomic}
     bool HeapDumpOnOutOfMemoryError               = true                                   {manageable} {command line}
   size_t InitialHeapSize                          = 268435456                                 {product} {command line}
   size_t MarkStackSize                            = 4194304                                   {product} {ergonomic}
   size_t MaxHeapSize                              = 536870912                                 {product} {command line}
   size_t MaxMetaspaceSize                         = 402653184                                 {product} {command line}
   size_t MaxNewSize                               = 321912832                                 {product} {ergonomic}
   size_t MinHeapDeltaBytes                        = 1048576                                   {product} {ergonomic}
   size_t MinHeapSize                              = 268435456                                 {product} {command line}
    uintx NonNMethodCodeHeapSize                   = 5839372                                {pd product} {ergonomic}
    uintx NonProfiledCodeHeapSize                  = 122909434                              {pd product} {ergonomic}
    uintx ProfiledCodeHeapSize                     = 122909434                              {pd product} {ergonomic}
    uintx ReservedCodeCacheSize                    = 251658240                              {pd product} {ergonomic}
     bool SegmentedCodeCache                       = true                                      {product} {ergonomic}
   size_t SoftMaxHeapSize                          = 536870912                              {manageable} {ergonomic}
     bool UseCompressedClassPointers               = true                           {product lp64_product} {ergonomic}
     bool UseCompressedOops                        = true                           {product lp64_product} {ergonomic}
     bool UseG1GC                                  = true                                      {product} {ergonomic}
     bool UseLargePagesIndividualAllocation        = false                                  {pd product} {ergonomic}

Logging:
Log output configuration:
 #0: stdout all=warning uptime,level,tags
 #1: stderr all=off uptime,level,tags

Environment Variables:
JAVA_HOME=C:\Program Files\Java\jdk-17
PATH=C:\Program Files\Java\jdk-17\bin;C:\Program Files\Common Files\Oracle\Java\javapath;C:\Program Files (x86)\Common Files\Oracle\Java\java8path;C:\Program Files (x86)\Common Files\Oracle\Java\javapath;C:\WINDOWS\system32;C:\WINDOWS;C:\WINDOWS\System32\Wbem;C:\WINDOWS\System32\WindowsPowerShell\v1.0\;C:\WINDOWS\System32\OpenSSH\;C:\Program Files (x86)\NVIDIA Corporation\PhysX\Common;C:\Program Files\NVIDIA Corporation\NVIDIA NvDLISR;C:\Users\elian\AppData\Roaming\nvm;C:\Program Files\nodejs;C:\Program Files\MySQL\MySQL Server 8.0\bin;C:\Program Files\Docker\Docker\resources\bin;C:\Program Files\Git\cmd;C:\Program Files\PostgreSQL\17\bin;C:\Program Files\dotnet\;C:\Program Files\Apache\Maven\bin;C:\Program Files\Apache\bin;C:\Users\elian\AppData\Local\Microsoft\WindowsApps;C:\Users\elian\AppData\Local\Programs\Microsoft VS Code\bin;C:\Users\elian\AppData\Roaming\npm;C:\Users\elian\AppData\Roaming\nvm;C:\Program Files\nodejs;
USERNAME=elian
OS=Windows_NT
PROCESSOR_IDENTIFIER=Intel64 Family 6 Model 142 Stepping 12, GenuineIntel



---------------  S Y S T E M  ---------------

OS:
 Windows 11 , 64 bit Build 26100 (10.0.26100.7705)
OS uptime: 0 days 0:52 hours
Hyper-V role detected

CPU: total 8 (initial active 8) (4 cores per cpu, 2 threads per core) family 6 model 142 stepping 12 microcode 0xde, cx8, cmov, fxsr, ht, mmx, 3dnowpref, sse, sse2, sse3, ssse3, sse4.1, sse4.2, popcnt, lzcnt, tsc, tscinvbit, avx, avx2, aes, erms, clmul, bmi1, bmi2, adx, fma, vzeroupper, clflush, clflushopt, hv

Memory: 4k page, system-wide physical 20301M (3504M free)
TotalPageFile size 20301M (AvailPageFile size 157M)
current process WorkingSet (physical memory assigned to process): 199M, peak: 199M
current process commit charge ("private bytes"): 414M, peak: 414M

vm_info: Java HotSpot(TM) 64-Bit Server VM (17.0.12+8-LTS-286) for windows-amd64 JRE (17.0.12+8-LTS-286), built on Jun  5 2024 06:46:59 by "mach5one" with MS VC++ 17.6 (VS2022)

END.
